<?xml version="1.0" encoding="UTF-8"?>
<!-- Generated by org.testng.reporters.JUnitXMLReporter -->
<testsuite ignored="0" hostname="LAPTOP-R1MIDESK" failures="0" tests="4" name="Chrome Test" time="16.783" errors="0" timestamp="2025-07-16T14:42:31 IST">
  <testcase classname="testclasses.LoginPageTestClass" name="verifyUnsuccessfullLogin" time="0.529"/>
  <testcase classname="testclasses.LoginPageTestClass" name="verifyUnsuccessfullLogin" time="0.509"/>
  <testcase classname="testclasses.LoginPageTestClass" name="verifyUnsuccessfullLogin" time="0.77"/>
  <testcase classname="testclasses.LoginPageTestClass" name="verifySuccessfullLogin" time="5.006"/>
</testsuite> <!-- Chrome Test -->
