<?xml version="1.0" encoding="UTF-8"?>
<!-- Generated by org.testng.reporters.JUnitXMLReporter -->
<testsuite ignored="0" hostname="LAPTOP-R1MIDESK" failures="0" tests="4" name="Edge Test" time="20.368" errors="0" timestamp="2025-07-16T14:42:51 IST">
  <testcase classname="testclasses.LoginPageTestClass" name="verifyUnsuccessfullLogin" time="0.834"/>
  <testcase classname="testclasses.LoginPageTestClass" name="verifyUnsuccessfullLogin" time="0.681"/>
  <testcase classname="testclasses.LoginPageTestClass" name="verifyUnsuccessfullLogin" time="0.481"/>
  <testcase classname="testclasses.LoginPageTestClass" name="verifySuccessfullLogin" time="6.948"/>
</testsuite> <!-- Edge Test -->
