<?xml version="1.0" encoding="UTF-8"?>
<!-- Generated by org.testng.reporters.JUnitXMLReporter -->
<testsuite ignored="1" hostname="LAPTOP-R1MIDESK" failures="0" tests="6" name="testng" time="27.733" errors="0" timestamp="2025-07-18T13:54:16 IST">
  <testcase classname="testclasses.DashboardPageTestClass" name="verifyLogoIsDisplayedAfterLogin" time="4.569"/>
  <testcase classname="testclasses.LoginPageTestClass" name="verifyUnsuccessfullLogin" time="0.427"/>
  <testcase classname="testclasses.LoginPageTestClass" name="verifyUnsuccessfullLogin" time="0.454"/>
  <testcase classname="testclasses.LoginPageTestClass" name="verifyUnsuccessfullLogin" time="0.537"/>
  <testcase classname="testclasses.LoginPageTestClass" name="verifySuccessfullLogin" time="6.144"/>
  <testcase classname="testclasses.LoginPageTestClass" name="verifyRememberMeCheckboxFunctionality" time="0.074"/>
  <testcase classname="base.BaseClass" name="@BeforeSuite createReport" time="0.0">
    <ignored/>
  </testcase> <!-- @BeforeSuite createReport -->
</testsuite> <!-- testng -->
