<?xml version="1.0" encoding="UTF-8"?>
<!-- Generated by org.testng.reporters.JUnitXMLReporter -->
<testsuite ignored="1" hostname="LAPTOP-R1MIDESK" failures="0" tests="2" name="Test" time="18.13" errors="0" timestamp="2025-07-16T14:45:41 IST">
  <testcase classname="testclasses.DashboardPageTestClass" name="verifyLogoIsDisplayedAfterLogin" time="5.653"/>
  <testcase classname="testclasses.LoginPageTestClass" name="verifySuccessfullLogin" time="7.221"/>
  <testcase classname="testclasses.LoginPageTestClass" name="verifyUnsuccessfullLogin" time="0.0">
    <ignored/>
  </testcase> <!-- verifyUnsuccessfullLogin -->
</testsuite> <!-- Test -->
