<?xml version="1.0" encoding="UTF-8"?>
<!-- Generated by org.testng.reporters.JUnitXMLReporter -->
<testsuite ignored="1" hostname="LAPTOP-R1MIDESK" failures="0" tests="6" name="testng" time="26.029" errors="0" timestamp="2025-07-16T22:27:49 IST">
  <testcase classname="testclasses.DashboardPageTestClass" name="verifyLogoIsDisplayedAfterLogin" time="4.881"/>
  <testcase classname="testclasses.LoginPageTestClass" name="verifyUnsuccessfullLogin" time="0.562"/>
  <testcase classname="testclasses.LoginPageTestClass" name="verifyUnsuccessfullLogin" time="0.476"/>
  <testcase classname="testclasses.LoginPageTestClass" name="verifyUnsuccessfullLogin" time="0.491"/>
  <testcase classname="testclasses.LoginPageTestClass" name="verifySuccessfullLogin" time="4.425"/>
  <testcase classname="testclasses.LoginPageTestClass" name="verifyRememberMeCheckboxFunctionality" time="0.064"/>
  <testcase classname="base.BaseClass" name="@BeforeSuite createReport" time="0.0">
    <ignored/>
  </testcase> <!-- @BeforeSuite createReport -->
</testsuite> <!-- testng -->
