<?xml version="1.0" encoding="UTF-8"?>
<!-- Generated by org.testng.reporters.JUnitXMLReporter -->
<testsuite ignored="2" hostname="LAPTOP-R1MIDESK" failures="0" tests="2" name="Test" time="13.017" errors="0" timestamp="2025-07-17T13:44:49 IST">
  <testcase classname="testclasses.DashboardPageTestClass" name="verifyLogoIsDisplayedAfterLogin" time="5.061"/>
  <testcase classname="testclasses.LoginPageTestClass" name="verifySuccessfullLogin" time="3.73"/>
  <testcase classname="testclasses.LoginPageTestClass" name="verifyUnsuccessfullLogin" time="0.0">
    <ignored/>
  </testcase> <!-- verifyUnsuccessfullLogin -->
  <testcase classname="testclasses.LoginPageTestClass" name="verifyRememberMeCheckboxFunctionality" time="0.0">
    <ignored/>
  </testcase> <!-- verifyRememberMeCheckboxFunctionality -->
</testsuite> <!-- Test -->
