<?xml version="1.0" encoding="UTF-8"?>
<testng-results ignored="0" total="6" passed="6" failed="0" skipped="0">
  <reporter-output>
  </reporter-output>
  <suite started-at="2025-07-18T13:53:48 IST" name="Suite" finished-at="2025-07-18T13:54:16 IST" duration-ms="27733">
    <groups>
      <group name="Group 2">
        <method signature="LoginPageTestClass.verifyUnsuccessfullLogin(java.lang.String,java.lang.String)[pri:1, instance:testclasses.LoginPageTestClass@6531a794]" name="verifyUnsuccessfullLogin" class="testclasses.LoginPageTestClass"/>
      </group> <!-- Group 2 -->
      <group name="Group 1">
        <method signature="LoginPageTestClass.verifySuccessfullLogin()[pri:2, instance:testclasses.LoginPageTestClass@6531a794]" name="verifySuccessfullLogin" class="testclasses.LoginPageTestClass"/>
        <method signature="DashboardPageTestClass.verifyLogoIsDisplayedAfterLogin()[pri:3, instance:testclasses.DashboardPageTestClass@a1f72f5]" name="verifyLogoIsDisplayedAfterLogin" class="testclasses.DashboardPageTestClass"/>
      </group> <!-- Group 1 -->
    </groups>
    <test started-at="2025-07-18T13:53:48 IST" name="testng" finished-at="2025-07-18T13:54:16 IST" duration-ms="27733">
      <class name="testclasses.LoginPageTestClass">
        <test-method is-config="true" signature="beforeMethod(java.lang.String)[pri:0, instance:testclasses.LoginPageTestClass@6531a794]" started-at="2025-07-18T13:53:57 IST" name="beforeMethod" finished-at="2025-07-18T13:53:59 IST" duration-ms="2110" status="PASS">
          <params>
            <param index="0">
              <value>
                <![CDATA[chrome]]>
              </value>
            </param>
          </params>
          <reporter-output>
          </reporter-output>
        </test-method> <!-- beforeMethod -->
        <test-method signature="verifyUnsuccessfullLogin(java.lang.String,java.lang.String)[pri:1, instance:testclasses.LoginPageTestClass@6531a794]" started-at="2025-07-18T13:53:59 IST" name="verifyUnsuccessfullLogin" data-provider="unsuccessfullLogin" finished-at="2025-07-18T13:53:59 IST" duration-ms="427" status="PASS">
          <params>
            <param index="0">
              <value>
                <![CDATA[123]]>
              </value>
            </param>
            <param index="1">
              <value>
                <![CDATA[admin123]]>
              </value>
            </param>
          </params>
          <reporter-output>
          </reporter-output>
        </test-method> <!-- verifyUnsuccessfullLogin -->
        <test-method is-config="true" signature="afterMethod()[pri:0, instance:testclasses.LoginPageTestClass@6531a794]" started-at="2025-07-18T13:53:59 IST" name="afterMethod" finished-at="2025-07-18T13:54:00 IST" duration-ms="178" status="PASS">
          <reporter-output>
          </reporter-output>
        </test-method> <!-- afterMethod -->
        <test-method is-config="true" signature="beforeMethod(java.lang.String)[pri:0, instance:testclasses.LoginPageTestClass@6531a794]" started-at="2025-07-18T13:54:00 IST" name="beforeMethod" finished-at="2025-07-18T13:54:02 IST" duration-ms="2093" status="PASS">
          <params>
            <param index="0">
              <value>
                <![CDATA[chrome]]>
              </value>
            </param>
          </params>
          <reporter-output>
          </reporter-output>
        </test-method> <!-- beforeMethod -->
        <test-method signature="verifyUnsuccessfullLogin(java.lang.String,java.lang.String)[pri:1, instance:testclasses.LoginPageTestClass@6531a794]" started-at="2025-07-18T13:54:02 IST" name="verifyUnsuccessfullLogin" data-provider="unsuccessfullLogin" finished-at="2025-07-18T13:54:02 IST" duration-ms="454" status="PASS">
          <params>
            <param index="0">
              <value>
                <![CDATA[Admin]]>
              </value>
            </param>
            <param index="1">
              <value>
                <![CDATA[123]]>
              </value>
            </param>
          </params>
          <reporter-output>
          </reporter-output>
        </test-method> <!-- verifyUnsuccessfullLogin -->
        <test-method is-config="true" signature="afterMethod()[pri:0, instance:testclasses.LoginPageTestClass@6531a794]" started-at="2025-07-18T13:54:02 IST" name="afterMethod" finished-at="2025-07-18T13:54:02 IST" duration-ms="160" status="PASS">
          <reporter-output>
          </reporter-output>
        </test-method> <!-- afterMethod -->
        <test-method is-config="true" signature="beforeMethod(java.lang.String)[pri:0, instance:testclasses.LoginPageTestClass@6531a794]" started-at="2025-07-18T13:54:02 IST" name="beforeMethod" finished-at="2025-07-18T13:54:04 IST" duration-ms="2160" status="PASS">
          <params>
            <param index="0">
              <value>
                <![CDATA[chrome]]>
              </value>
            </param>
          </params>
          <reporter-output>
          </reporter-output>
        </test-method> <!-- beforeMethod -->
        <test-method signature="verifyUnsuccessfullLogin(java.lang.String,java.lang.String)[pri:1, instance:testclasses.LoginPageTestClass@6531a794]" started-at="2025-07-18T13:54:04 IST" name="verifyUnsuccessfullLogin" data-provider="unsuccessfullLogin" finished-at="2025-07-18T13:54:05 IST" duration-ms="537" status="PASS">
          <params>
            <param index="0">
              <value>
                <![CDATA[Admin]]>
              </value>
            </param>
            <param index="1">
              <value>
                <![CDATA[admin]]>
              </value>
            </param>
          </params>
          <reporter-output>
          </reporter-output>
        </test-method> <!-- verifyUnsuccessfullLogin -->
        <test-method is-config="true" signature="afterMethod()[pri:0, instance:testclasses.LoginPageTestClass@6531a794]" started-at="2025-07-18T13:54:05 IST" name="afterMethod" finished-at="2025-07-18T13:54:05 IST" duration-ms="180" status="PASS">
          <reporter-output>
          </reporter-output>
        </test-method> <!-- afterMethod -->
        <test-method is-config="true" signature="beforeMethod(java.lang.String)[pri:0, instance:testclasses.LoginPageTestClass@6531a794]" started-at="2025-07-18T13:54:05 IST" name="beforeMethod" finished-at="2025-07-18T13:54:07 IST" duration-ms="1980" status="PASS">
          <params>
            <param index="0">
              <value>
                <![CDATA[chrome]]>
              </value>
            </param>
          </params>
          <reporter-output>
          </reporter-output>
        </test-method> <!-- beforeMethod -->
        <test-method signature="verifySuccessfullLogin()[pri:2, instance:testclasses.LoginPageTestClass@6531a794]" started-at="2025-07-18T13:54:07 IST" name="verifySuccessfullLogin" finished-at="2025-07-18T13:54:13 IST" duration-ms="6144" status="PASS">
          <reporter-output>
          </reporter-output>
        </test-method> <!-- verifySuccessfullLogin -->
        <test-method is-config="true" signature="afterMethod()[pri:0, instance:testclasses.LoginPageTestClass@6531a794]" started-at="2025-07-18T13:54:13 IST" name="afterMethod" finished-at="2025-07-18T13:54:14 IST" duration-ms="232" status="PASS">
          <reporter-output>
          </reporter-output>
        </test-method> <!-- afterMethod -->
        <test-method is-config="true" signature="beforeMethod(java.lang.String)[pri:0, instance:testclasses.LoginPageTestClass@6531a794]" started-at="2025-07-18T13:54:14 IST" name="beforeMethod" finished-at="2025-07-18T13:54:16 IST" duration-ms="2015" status="PASS">
          <params>
            <param index="0">
              <value>
                <![CDATA[chrome]]>
              </value>
            </param>
          </params>
          <reporter-output>
          </reporter-output>
        </test-method> <!-- beforeMethod -->
        <test-method signature="verifyRememberMeCheckboxFunctionality()[pri:3, instance:testclasses.LoginPageTestClass@6531a794]" started-at="2025-07-18T13:54:16 IST" name="verifyRememberMeCheckboxFunctionality" finished-at="2025-07-18T13:54:16 IST" duration-ms="74" status="PASS">
          <reporter-output>
          </reporter-output>
        </test-method> <!-- verifyRememberMeCheckboxFunctionality -->
        <test-method is-config="true" signature="afterMethod()[pri:0, instance:testclasses.LoginPageTestClass@6531a794]" started-at="2025-07-18T13:54:16 IST" name="afterMethod" finished-at="2025-07-18T13:54:16 IST" duration-ms="166" status="PASS">
          <reporter-output>
          </reporter-output>
        </test-method> <!-- afterMethod -->
      </class> <!-- testclasses.LoginPageTestClass -->
      <class name="testclasses.DashboardPageTestClass">
        <test-method is-config="true" signature="createReport()[pri:0, instance:testclasses.DashboardPageTestClass@a1f72f5]" started-at="2025-07-18T13:53:48 IST" name="createReport" finished-at="2025-07-18T13:53:48 IST" duration-ms="13" status="PASS">
          <reporter-output>
          </reporter-output>
        </test-method> <!-- createReport -->
        <test-method is-config="true" signature="beforeMethod(java.lang.String)[pri:0, instance:testclasses.DashboardPageTestClass@a1f72f5]" started-at="2025-07-18T13:53:48 IST" name="beforeMethod" finished-at="2025-07-18T13:53:52 IST" duration-ms="3641" status="PASS">
          <params>
            <param index="0">
              <value>
                <![CDATA[chrome]]>
              </value>
            </param>
          </params>
          <reporter-output>
          </reporter-output>
        </test-method> <!-- beforeMethod -->
        <test-method signature="verifyLogoIsDisplayedAfterLogin()[pri:3, instance:testclasses.DashboardPageTestClass@a1f72f5]" started-at="2025-07-18T13:53:52 IST" name="verifyLogoIsDisplayedAfterLogin" finished-at="2025-07-18T13:53:56 IST" duration-ms="4569" status="PASS">
          <reporter-output>
          </reporter-output>
        </test-method> <!-- verifyLogoIsDisplayedAfterLogin -->
        <test-method is-config="true" signature="afterMethod()[pri:0, instance:testclasses.DashboardPageTestClass@a1f72f5]" started-at="2025-07-18T13:53:56 IST" name="afterMethod" finished-at="2025-07-18T13:53:57 IST" duration-ms="269" status="PASS">
          <reporter-output>
          </reporter-output>
        </test-method> <!-- afterMethod -->
      </class> <!-- testclasses.DashboardPageTestClass -->
    </test> <!-- testng -->
  </suite> <!-- Suite -->
</testng-results>
