<?xml version="1.0" encoding="UTF-8"?>
<testng-results ignored="0" total="4" passed="4" failed="0" skipped="0">
  <reporter-output>
  </reporter-output>
  <suite started-at="2025-07-16T13:03:14 IST" name="Suite" finished-at="2025-07-16T13:03:52 IST" duration-ms="37850">
    <groups>
    </groups>
    <test started-at="2025-07-16T13:03:14 IST" name="testng" finished-at="2025-07-16T13:03:52 IST" duration-ms="37850">
      <class name="testclasses.LoginPageTestClass">
        <test-method is-config="true" signature="createReport()[pri:0, instance:testclasses.LoginPageTestClass@20d7d6fb]" started-at="2025-07-16T13:03:14 IST" name="createReport" finished-at="2025-07-16T13:03:14 IST" duration-ms="29" status="PASS">
          <reporter-output>
          </reporter-output>
        </test-method> <!-- createReport -->
        <test-method is-config="true" signature="beforeMethod()[pri:0, instance:testclasses.LoginPageTestClass@20d7d6fb]" started-at="2025-07-16T13:03:16 IST" name="beforeMethod" finished-at="2025-07-16T13:03:19 IST" duration-ms="3444" status="PASS">
          <reporter-output>
          </reporter-output>
        </test-method> <!-- beforeMethod -->
        <test-method signature="verifyUnsuccessfullLogin(java.lang.String,java.lang.String)[pri:1, instance:testclasses.LoginPageTestClass@20d7d6fb]" started-at="2025-07-16T13:03:19 IST" name="verifyUnsuccessfullLogin" data-provider="unsuccessfullLogin" finished-at="2025-07-16T13:03:20 IST" duration-ms="841" status="PASS">
          <params>
            <param index="0">
              <value>
                <![CDATA[123]]>
              </value>
            </param>
            <param index="1">
              <value>
                <![CDATA[admin123]]>
              </value>
            </param>
          </params>
          <reporter-output>
          </reporter-output>
        </test-method> <!-- verifyUnsuccessfullLogin -->
        <test-method is-config="true" signature="afterMethod()[pri:0, instance:testclasses.LoginPageTestClass@20d7d6fb]" started-at="2025-07-16T13:03:20 IST" name="afterMethod" finished-at="2025-07-16T13:03:20 IST" duration-ms="2" status="PASS">
          <reporter-output>
          </reporter-output>
        </test-method> <!-- afterMethod -->
        <test-method is-config="true" signature="beforeMethod()[pri:0, instance:testclasses.LoginPageTestClass@20d7d6fb]" started-at="2025-07-16T13:03:20 IST" name="beforeMethod" finished-at="2025-07-16T13:03:23 IST" duration-ms="3057" status="PASS">
          <reporter-output>
          </reporter-output>
        </test-method> <!-- beforeMethod -->
        <test-method signature="verifyUnsuccessfullLogin(java.lang.String,java.lang.String)[pri:1, instance:testclasses.LoginPageTestClass@20d7d6fb]" started-at="2025-07-16T13:03:23 IST" name="verifyUnsuccessfullLogin" data-provider="unsuccessfullLogin" finished-at="2025-07-16T13:03:24 IST" duration-ms="894" status="PASS">
          <params>
            <param index="0">
              <value>
                <![CDATA[Admin]]>
              </value>
            </param>
            <param index="1">
              <value>
                <![CDATA[123]]>
              </value>
            </param>
          </params>
          <reporter-output>
          </reporter-output>
        </test-method> <!-- verifyUnsuccessfullLogin -->
        <test-method is-config="true" signature="afterMethod()[pri:0, instance:testclasses.LoginPageTestClass@20d7d6fb]" started-at="2025-07-16T13:03:24 IST" name="afterMethod" finished-at="2025-07-16T13:03:24 IST" duration-ms="0" status="PASS">
          <reporter-output>
          </reporter-output>
        </test-method> <!-- afterMethod -->
        <test-method is-config="true" signature="beforeMethod()[pri:0, instance:testclasses.LoginPageTestClass@20d7d6fb]" started-at="2025-07-16T13:03:24 IST" name="beforeMethod" finished-at="2025-07-16T13:03:27 IST" duration-ms="2919" status="PASS">
          <reporter-output>
          </reporter-output>
        </test-method> <!-- beforeMethod -->
        <test-method signature="verifyUnsuccessfullLogin(java.lang.String,java.lang.String)[pri:1, instance:testclasses.LoginPageTestClass@20d7d6fb]" started-at="2025-07-16T13:03:27 IST" name="verifyUnsuccessfullLogin" data-provider="unsuccessfullLogin" finished-at="2025-07-16T13:03:29 IST" duration-ms="1864" status="PASS">
          <params>
            <param index="0">
              <value>
                <![CDATA[Admin]]>
              </value>
            </param>
            <param index="1">
              <value>
                <![CDATA[admin]]>
              </value>
            </param>
          </params>
          <reporter-output>
          </reporter-output>
        </test-method> <!-- verifyUnsuccessfullLogin -->
        <test-method is-config="true" signature="afterMethod()[pri:0, instance:testclasses.LoginPageTestClass@20d7d6fb]" started-at="2025-07-16T13:03:29 IST" name="afterMethod" finished-at="2025-07-16T13:03:29 IST" duration-ms="0" status="PASS">
          <reporter-output>
          </reporter-output>
        </test-method> <!-- afterMethod -->
        <test-method is-config="true" signature="beforeMethod()[pri:0, instance:testclasses.LoginPageTestClass@20d7d6fb]" started-at="2025-07-16T13:03:29 IST" name="beforeMethod" finished-at="2025-07-16T13:03:35 IST" duration-ms="6190" status="PASS">
          <reporter-output>
          </reporter-output>
        </test-method> <!-- beforeMethod -->
        <test-method signature="verifySuccessfullLogin()[pri:2, instance:testclasses.LoginPageTestClass@20d7d6fb]" started-at="2025-07-16T13:03:35 IST" name="verifySuccessfullLogin" finished-at="2025-07-16T13:03:52 IST" duration-ms="16899" status="PASS">
          <reporter-output>
          </reporter-output>
        </test-method> <!-- verifySuccessfullLogin -->
        <test-method is-config="true" signature="afterMethod()[pri:0, instance:testclasses.LoginPageTestClass@20d7d6fb]" started-at="2025-07-16T13:03:52 IST" name="afterMethod" finished-at="2025-07-16T13:03:52 IST" duration-ms="0" status="PASS">
          <reporter-output>
          </reporter-output>
        </test-method> <!-- afterMethod -->
      </class> <!-- testclasses.LoginPageTestClass -->
    </test> <!-- testng -->
  </suite> <!-- Suite -->
</testng-results>
